<?xml version="1.0" encoding="UTF-8"?>
<!-- Generated by org.testng.reporters.JUnitReportReporter -->
<testsuite skipped="0" hostname="RAMESHs-MacBook-Air.local" name="com.qa.tests.LoginPageTest" tests="3" failures="0" timestamp="11 Jun 2020 10:06:03 GMT" time="25.394" errors="0">
  <testcase name="loginPageTitle" time="7.860" classname="com.qa.tests.LoginPageTest"/>
  <testcase name="loginTest" time="8.335" classname="com.qa.tests.LoginPageTest"/>
  <testcase name="signUp" time="9.199" classname="com.qa.tests.LoginPageTest"/>
</testsuite> <!-- com.qa.tests.LoginPageTest -->
