<?xml version="1.0" encoding="UTF-8"?>
<!-- Generated by org.testng.reporters.JUnitReportReporter -->
<testsuite skipped="0" hostname="RAMESHs-MacBook-Air.local" name="com.qa.tests.HomePageTest" tests="4" failures="0" timestamp="11 Jun 2020 10:42:17 GMT" time="58.505" errors="0">
  <testcase name="homePageSuccessfulLoginMessage" time="12.493" classname="com.qa.tests.HomePageTest"/>
  <testcase name="verifyConatctLink" time="14.042" classname="com.qa.tests.HomePageTest"/>
  <testcase name="verifyDealsLink" time="17.775" classname="com.qa.tests.HomePageTest"/>
  <testcase name="verifyTasksLink" time="14.195" classname="com.qa.tests.HomePageTest"/>
</testsuite> <!-- com.qa.tests.HomePageTest -->
