<?xml version="1.0" encoding="UTF-8"?>
<!-- Generated by org.testng.reporters.JUnitReportReporter -->
<testsuite skipped="0" hostname="RAMESHs-MacBook-Air.local" name="com.qa.tests.HomePageTest" tests="4" failures="0" timestamp="17 Jun 2020 14:23:47 GMT" time="66.555" errors="0">
  <testcase name="verifyTasksLink" time="15.710" classname="com.qa.tests.HomePageTest"/>
  <testcase name="verifyConatctLink" time="17.546" classname="com.qa.tests.HomePageTest"/>
  <testcase name="verifyDealsLink" time="17.234" classname="com.qa.tests.HomePageTest"/>
  <testcase name="homePageSuccessfulLoginMessage" time="16.065" classname="com.qa.tests.HomePageTest"/>
</testsuite> <!-- com.qa.tests.HomePageTest -->
