<?xml version="1.0" encoding="UTF-8"?>
<!-- Generated by org.testng.reporters.JUnitReportReporter -->
<testsuite skipped="0" hostname="RAMESHs-MacBook-Air.local" name="com.qa.tests.LoginPageTest" tests="3" failures="0" timestamp="17 Jun 2020 14:23:57 GMT" time="30.402" errors="0">
  <testcase name="loginPageTitle" time="8.735" classname="com.qa.tests.LoginPageTest"/>
  <testcase name="signUp" time="11.916" classname="com.qa.tests.LoginPageTest"/>
  <testcase name="loginTest" time="9.751" classname="com.qa.tests.LoginPageTest"/>
</testsuite> <!-- com.qa.tests.LoginPageTest -->
