<?xml version="1.0" encoding="UTF-8"?>
<!-- Generated by org.testng.reporters.JUnitReportReporter -->
<testsuite skipped="0" hostname="RAMESHs-MacBook-Air.local" name="com.qa.tests.LoginPageTest" tests="3" failures="0" timestamp="11 Jun 2020 07:22:19 GMT" time="19.166" errors="0">
  <testcase name="loginPageTitle" time="1.984" classname="com.qa.tests.LoginPageTest"/>
  <testcase name="loginTest" time="9.444" classname="com.qa.tests.LoginPageTest"/>
  <testcase name="signUp" time="7.738" classname="com.qa.tests.LoginPageTest"/>
</testsuite> <!-- com.qa.tests.LoginPageTest -->
