<?xml version="1.0" encoding="UTF-8"?>
<!-- Generated by org.testng.reporters.JUnitReportReporter -->
<testsuite skipped="0" hostname="RAMESHs-MacBook-Air.local" name="com.qa.tests.NewContactTest" tests="2" failures="0" timestamp="11 Jun 2020 12:26:04 GMT" time="40.807" errors="0">
  <testcase name="verifyContactLabelTest" time="17.032" classname="com.qa.tests.NewContactTest"/>
  <testcase name="newContactTest" time="23.775" classname="com.qa.tests.NewContactTest"/>
</testsuite> <!-- com.qa.tests.NewContactTest -->
