<?xml version="1.0" encoding="UTF-8"?>
<!-- Generated by org.testng.reporters.JUnitReportReporter -->
<testsuite skipped="0" hostname="RAMESHs-MacBook-Air.local" name="com.qa.tests.testTask" tests="1" failures="0" timestamp="18 Jun 2020 09:02:46 GMT" time="28.135" errors="0">
  <testcase name="initialization" time="28.135" classname="com.qa.tests.testTask"/>
</testsuite> <!-- com.qa.tests.testTask -->
